[2020-06-21 21:03:53] production.ERROR: SQLSTATE[HY000] [2054] The server requested authentication method unknown to the client (SQL: select `value`, `config_key` from `tbl_config`) {"exception":"[object] (Illuminate\\Database\\QueryException(code: 2054): SQLSTATE[HY000] [2054] The server requested authentication method unknown to the client (SQL: select `value`, `config_key` from `tbl_config`) at E:\\Apache24\\htdocs\\embasecloud\\vendor\\laravel\\framework\\src\\Illuminate\\Database\\Connection.php:664, Doctrine\\DBAL\\Driver\\PDOException(code: 2054): SQLSTATE[HY000] [2054] The server requested authentication method unknown to the client at E:\\Apache24\\htdocs\\embasecloud\\vendor\\doctrine\\dbal\\lib\\Doctrine\\DBAL\\Driver\\PDOConnection.php:31, PDOException(code: 2054): SQLSTATE[HY000] [2054] The server requested authentication method unknown to the client at E:\\Apache24\\htdocs\\embasecloud\\vendor\\doctrine\\dbal\\lib\\Doctrine\\DBAL\\Driver\\PDOConnection.php:27, PDOException(code: 0): PDO::__construct(): The server requested authentication method unknown to the client [caching_sha2_password] at E:\\Apache24\\htdocs\\embasecloud\\vendor\\doctrine\\dbal\\lib\\Doctrine\\DBAL\\Driver\\PDOConnection.php:27)
[stacktrace]
#0 E:\\Apache24\\htdocs\\embasecloud\\vendor\\laravel\\framework\\src\\Illuminate\\Database\\Connection.php(624): Illuminate\\Database\\Connection->runQueryCallback('select `value`,...', Array, Object(Closure))
#1 E:\\Apache24\\htdocs\\embasecloud\\vendor\\laravel\\framework\\src\\Illuminate\\Database\\Connection.php(333): Illuminate\\Database\\Connection->run('select `value`,...', Array, Object(Closure))
#2 E:\\Apache24\\htdocs\\embasecloud\\vendor\\laravel\\framework\\src\\Illuminate\\Database\\Query\\Builder.php(2095): Illuminate\\Database\\Connection->select('select `value`,...', Array, true)
#3 E:\\Apache24\\htdocs\\embasecloud\\vendor\\laravel\\framework\\src\\Illuminate\\Database\\Query\\Builder.php(2083): Illuminate\\Database\\Query\\Builder->runSelect()
#4 E:\\Apache24\\htdocs\\embasecloud\\vendor\\laravel\\framework\\src\\Illuminate\\Database\\Query\\Builder.php(2569): Illuminate\\Database\\Query\\Builder->Illuminate\\Database\\Query\\{closure}()
#5 E:\\Apache24\\htdocs\\embasecloud\\vendor\\laravel\\framework\\src\\Illuminate\\Database\\Query\\Builder.php(2084): Illuminate\\Database\\Query\\Builder->onceWithColumns(Array, Object(Closure))
#6 E:\\Apache24\\htdocs\\embasecloud\\vendor\\laravel\\framework\\src\\Illuminate\\Database\\Eloquent\\Builder.php(519): Illuminate\\Database\\Query\\Builder->get(Array)
#7 E:\\Apache24\\htdocs\\embasecloud\\vendor\\laravel\\framework\\src\\Illuminate\\Database\\Eloquent\\Builder.php(503): Illuminate\\Database\\Eloquent\\Builder->getModels(Array)
#8 E:\\Apache24\\htdocs\\embasecloud\\app\\Providers\\AppServiceProvider.php(26): Illuminate\\Database\\Eloquent\\Builder->get()
#9 E:\\Apache24\\htdocs\\embasecloud\\vendor\\laravel\\framework\\src\\Illuminate\\Cache\\Repository.php(340): App\\Providers\\AppServiceProvider->App\\Providers\\{closure}()
#10 E:\\Apache24\\htdocs\\embasecloud\\vendor\\laravel\\framework\\src\\Illuminate\\Cache\\CacheManager.php(323): Illuminate\\Cache\\Repository->remember('embasecrm-setti...', Object(Illuminate\\Support\\Carbon), Object(Closure))
#11 E:\\Apache24\\htdocs\\embasecloud\\vendor\\laravel\\framework\\src\\Illuminate\\Support\\Facades\\Facade.php(237): Illuminate\\Cache\\CacheManager->__call('remember', Array)
#12 E:\\Apache24\\htdocs\\embasecloud\\app\\Providers\\AppServiceProvider.php(30): Illuminate\\Support\\Facades\\Facade::__callStatic('remember', Array)
#13 [internal function]: App\\Providers\\AppServiceProvider->boot(Object(Illuminate\\Routing\\UrlGenerator))
#14 E:\\Apache24\\htdocs\\embasecloud\\vendor\\laravel\\framework\\src\\Illuminate\\Container\\BoundMethod.php(29): call_user_func_array(Array, Array)
#15 E:\\Apache24\\htdocs\\embasecloud\\vendor\\laravel\\framework\\src\\Illuminate\\Container\\BoundMethod.php(87): Illuminate\\Container\\BoundMethod::Illuminate\\Container\\{closure}()
#16 E:\\Apache24\\htdocs\\embasecloud\\vendor\\laravel\\framework\\src\\Illuminate\\Container\\BoundMethod.php(31): Illuminate\\Container\\BoundMethod::callBoundMethod(Object(Illuminate\\Foundation\\Application), Array, Object(Closure))
#17 E:\\Apache24\\htdocs\\embasecloud\\vendor\\laravel\\framework\\src\\Illuminate\\Container\\Container.php(572): Illuminate\\Container\\BoundMethod::call(Object(Illuminate\\Foundation\\Application), Array, Array, NULL)
#18 E:\\Apache24\\htdocs\\embasecloud\\vendor\\laravel\\framework\\src\\Illuminate\\Foundation\\Application.php(819): Illuminate\\Container\\Container->call(Array)
#19 E:\\Apache24\\htdocs\\embasecloud\\vendor\\laravel\\framework\\src\\Illuminate\\Foundation\\Application.php(802): Illuminate\\Foundation\\Application->bootProvider(Object(App\\Providers\\AppServiceProvider))
#20 [internal function]: Illuminate\\Foundation\\Application->Illuminate\\Foundation\\{closure}(Object(App\\Providers\\AppServiceProvider), 40)
#21 E:\\Apache24\\htdocs\\embasecloud\\vendor\\laravel\\framework\\src\\Illuminate\\Foundation\\Application.php(803): array_walk(Array, Object(Closure))
#22 E:\\Apache24\\htdocs\\embasecloud\\vendor\\laravel\\framework\\src\\Illuminate\\Foundation\\Bootstrap\\BootProviders.php(17): Illuminate\\Foundation\\Application->boot()
#23 E:\\Apache24\\htdocs\\embasecloud\\vendor\\laravel\\framework\\src\\Illuminate\\Foundation\\Application.php(211): Illuminate\\Foundation\\Bootstrap\\BootProviders->bootstrap(Object(Illuminate\\Foundation\\Application))
#24 E:\\Apache24\\htdocs\\embasecloud\\vendor\\laravel\\framework\\src\\Illuminate\\Foundation\\Http\\Kernel.php(162): Illuminate\\Foundation\\Application->bootstrapWith(Array)
#25 E:\\Apache24\\htdocs\\embasecloud\\vendor\\laravel\\framework\\src\\Illuminate\\Foundation\\Http\\Kernel.php(146): Illuminate\\Foundation\\Http\\Kernel->bootstrap()
#26 E:\\Apache24\\htdocs\\embasecloud\\vendor\\laravel\\framework\\src\\Illuminate\\Foundation\\Http\\Kernel.php(116): Illuminate\\Foundation\\Http\\Kernel->sendRequestThroughRouter(Object(Illuminate\\Http\\Request))
#27 E:\\Apache24\\htdocs\\embasecloud\\public\\index.php(53): Illuminate\\Foundation\\Http\\Kernel->handle(Object(Illuminate\\Http\\Request))
#28 {main}
"} 
[2020-06-21 21:13:45] production.ERROR: SQLSTATE[HY000] [2054] The server requested authentication method unknown to the client (SQL: select `value`, `config_key` from `tbl_config`) {"exception":"[object] (Illuminate\\Database\\QueryException(code: 2054): SQLSTATE[HY000] [2054] The server requested authentication method unknown to the client (SQL: select `value`, `config_key` from `tbl_config`) at E:\\Apache24\\htdocs\\embasecloud\\vendor\\laravel\\framework\\src\\Illuminate\\Database\\Connection.php:664, Doctrine\\DBAL\\Driver\\PDOException(code: 2054): SQLSTATE[HY000] [2054] The server requested authentication method unknown to the client at E:\\Apache24\\htdocs\\embasecloud\\vendor\\doctrine\\dbal\\lib\\Doctrine\\DBAL\\Driver\\PDOConnection.php:31, PDOException(code: 2054): SQLSTATE[HY000] [2054] The server requested authentication method unknown to the client at E:\\Apache24\\htdocs\\embasecloud\\vendor\\doctrine\\dbal\\lib\\Doctrine\\DBAL\\Driver\\PDOConnection.php:27, PDOException(code: 0): PDO::__construct(): The server requested authentication method unknown to the client [caching_sha2_password] at E:\\Apache24\\htdocs\\embasecloud\\vendor\\doctrine\\dbal\\lib\\Doctrine\\DBAL\\Driver\\PDOConnection.php:27)
[stacktrace]
#0 E:\\Apache24\\htdocs\\embasecloud\\vendor\\laravel\\framework\\src\\Illuminate\\Database\\Connection.php(624): Illuminate\\Database\\Connection->runQueryCallback('select `value`,...', Array, Object(Closure))
#1 E:\\Apache24\\htdocs\\embasecloud\\vendor\\laravel\\framework\\src\\Illuminate\\Database\\Connection.php(333): Illuminate\\Database\\Connection->run('select `value`,...', Array, Object(Closure))
#2 E:\\Apache24\\htdocs\\embasecloud\\vendor\\laravel\\framework\\src\\Illuminate\\Database\\Query\\Builder.php(2095): Illuminate\\Database\\Connection->select('select `value`,...', Array, true)
#3 E:\\Apache24\\htdocs\\embasecloud\\vendor\\laravel\\framework\\src\\Illuminate\\Database\\Query\\Builder.php(2083): Illuminate\\Database\\Query\\Builder->runSelect()
#4 E:\\Apache24\\htdocs\\embasecloud\\vendor\\laravel\\framework\\src\\Illuminate\\Database\\Query\\Builder.php(2569): Illuminate\\Database\\Query\\Builder->Illuminate\\Database\\Query\\{closure}()
#5 E:\\Apache24\\htdocs\\embasecloud\\vendor\\laravel\\framework\\src\\Illuminate\\Database\\Query\\Builder.php(2084): Illuminate\\Database\\Query\\Builder->onceWithColumns(Array, Object(Closure))
#6 E:\\Apache24\\htdocs\\embasecloud\\vendor\\laravel\\framework\\src\\Illuminate\\Database\\Eloquent\\Builder.php(519): Illuminate\\Database\\Query\\Builder->get(Array)
#7 E:\\Apache24\\htdocs\\embasecloud\\vendor\\laravel\\framework\\src\\Illuminate\\Database\\Eloquent\\Builder.php(503): Illuminate\\Database\\Eloquent\\Builder->getModels(Array)
#8 E:\\Apache24\\htdocs\\embasecloud\\app\\Providers\\AppServiceProvider.php(26): Illuminate\\Database\\Eloquent\\Builder->get()
#9 E:\\Apache24\\htdocs\\embasecloud\\vendor\\laravel\\framework\\src\\Illuminate\\Cache\\Repository.php(340): App\\Providers\\AppServiceProvider->App\\Providers\\{closure}()
#10 E:\\Apache24\\htdocs\\embasecloud\\vendor\\laravel\\framework\\src\\Illuminate\\Cache\\CacheManager.php(323): Illuminate\\Cache\\Repository->remember('embasecrm-setti...', Object(Illuminate\\Support\\Carbon), Object(Closure))
#11 E:\\Apache24\\htdocs\\embasecloud\\vendor\\laravel\\framework\\src\\Illuminate\\Support\\Facades\\Facade.php(237): Illuminate\\Cache\\CacheManager->__call('remember', Array)
#12 E:\\Apache24\\htdocs\\embasecloud\\app\\Providers\\AppServiceProvider.php(30): Illuminate\\Support\\Facades\\Facade::__callStatic('remember', Array)
#13 [internal function]: App\\Providers\\AppServiceProvider->boot(Object(Illuminate\\Routing\\UrlGenerator))
#14 E:\\Apache24\\htdocs\\embasecloud\\vendor\\laravel\\framework\\src\\Illuminate\\Container\\BoundMethod.php(29): call_user_func_array(Array, Array)
#15 E:\\Apache24\\htdocs\\embasecloud\\vendor\\laravel\\framework\\src\\Illuminate\\Container\\BoundMethod.php(87): Illuminate\\Container\\BoundMethod::Illuminate\\Container\\{closure}()
#16 E:\\Apache24\\htdocs\\embasecloud\\vendor\\laravel\\framework\\src\\Illuminate\\Container\\BoundMethod.php(31): Illuminate\\Container\\BoundMethod::callBoundMethod(Object(Illuminate\\Foundation\\Application), Array, Object(Closure))
#17 E:\\Apache24\\htdocs\\embasecloud\\vendor\\laravel\\framework\\src\\Illuminate\\Container\\Container.php(572): Illuminate\\Container\\BoundMethod::call(Object(Illuminate\\Foundation\\Application), Array, Array, NULL)
#18 E:\\Apache24\\htdocs\\embasecloud\\vendor\\laravel\\framework\\src\\Illuminate\\Foundation\\Application.php(819): Illuminate\\Container\\Container->call(Array)
#19 E:\\Apache24\\htdocs\\embasecloud\\vendor\\laravel\\framework\\src\\Illuminate\\Foundation\\Application.php(802): Illuminate\\Foundation\\Application->bootProvider(Object(App\\Providers\\AppServiceProvider))
#20 [internal function]: Illuminate\\Foundation\\Application->Illuminate\\Foundation\\{closure}(Object(App\\Providers\\AppServiceProvider), 40)
#21 E:\\Apache24\\htdocs\\embasecloud\\vendor\\laravel\\framework\\src\\Illuminate\\Foundation\\Application.php(803): array_walk(Array, Object(Closure))
#22 E:\\Apache24\\htdocs\\embasecloud\\vendor\\laravel\\framework\\src\\Illuminate\\Foundation\\Bootstrap\\BootProviders.php(17): Illuminate\\Foundation\\Application->boot()
#23 E:\\Apache24\\htdocs\\embasecloud\\vendor\\laravel\\framework\\src\\Illuminate\\Foundation\\Application.php(211): Illuminate\\Foundation\\Bootstrap\\BootProviders->bootstrap(Object(Illuminate\\Foundation\\Application))
#24 E:\\Apache24\\htdocs\\embasecloud\\vendor\\laravel\\framework\\src\\Illuminate\\Foundation\\Http\\Kernel.php(162): Illuminate\\Foundation\\Application->bootstrapWith(Array)
#25 E:\\Apache24\\htdocs\\embasecloud\\vendor\\laravel\\framework\\src\\Illuminate\\Foundation\\Http\\Kernel.php(146): Illuminate\\Foundation\\Http\\Kernel->bootstrap()
#26 E:\\Apache24\\htdocs\\embasecloud\\vendor\\laravel\\framework\\src\\Illuminate\\Foundation\\Http\\Kernel.php(116): Illuminate\\Foundation\\Http\\Kernel->sendRequestThroughRouter(Object(Illuminate\\Http\\Request))
#27 E:\\Apache24\\htdocs\\embasecloud\\public\\index.php(53): Illuminate\\Foundation\\Http\\Kernel->handle(Object(Illuminate\\Http\\Request))
#28 {main}
"} 
